build/app/intermediates/manifest_merge_blame_file/release/manifest-merger-blame-release-report.txt
1<?xml version="1.0" encoding="utf-8"?>
2<manifest xmlns:android="http://schemas.android.com/apk/res/android"
3    package="com.example.sendeaze"
4    android:versionCode="1"
5    android:versionName="1.0.0" >
6
7    <uses-sdk
8        android:minSdkVersion="20"
8-->src\main\AndroidManifest.xml
9        android:targetSdkVersion="30" />
9-->src\main\AndroidManifest.xml
10
11    <uses-permission android:name="android.permission.ACCESS_FINE_LOCATION" />
11-->src\main\AndroidManifest.xml:3:5-79
11-->src\main\AndroidManifest.xml:3:22-76
12    <uses-permission android:name="android.permission.ACCESS_COARSE_LOCATION" />
12-->src\main\AndroidManifest.xml:4:5-81
12-->src\main\AndroidManifest.xml:4:22-78
13    <uses-permission android:name="android.permission.ACCESS_BACKGROUND_LOCATION" />
13-->src\main\AndroidManifest.xml:5:5-85
13-->src\main\AndroidManifest.xml:5:22-82
14
15    <queries>
15-->src\main\AndroidManifest.xml:6:5-27:15
16
17        <!-- If your app opens https URLs -->
18        <intent>
18-->src\main\AndroidManifest.xml:8:9-11:18
19            <action android:name="android.intent.action.VIEW" />
19-->src\main\AndroidManifest.xml:9:13-65
19-->src\main\AndroidManifest.xml:9:21-62
20
21            <data android:scheme="https" />
21-->src\main\AndroidManifest.xml:10:13-44
21-->src\main\AndroidManifest.xml:10:19-41
22        </intent>
23        <!-- If your app makes calls -->
24        <intent>
24-->src\main\AndroidManifest.xml:13:9-16:18
25            <action android:name="android.intent.action.DIAL" />
25-->src\main\AndroidManifest.xml:14:13-65
25-->src\main\AndroidManifest.xml:14:21-62
26
27            <data android:scheme="tel" />
27-->src\main\AndroidManifest.xml:10:13-44
27-->src\main\AndroidManifest.xml:10:19-41
28        </intent>
29        <!-- If your sends SMS messages -->
30        <intent>
30-->src\main\AndroidManifest.xml:18:9-21:18
31            <action android:name="android.intent.action.SENDTO" />
31-->src\main\AndroidManifest.xml:19:13-67
31-->src\main\AndroidManifest.xml:19:21-64
32
33            <data android:scheme="smsto" />
33-->src\main\AndroidManifest.xml:10:13-44
33-->src\main\AndroidManifest.xml:10:19-41
34        </intent>
35        <!-- If your app sends emails -->
36        <intent>
36-->src\main\AndroidManifest.xml:23:9-26:18
37            <action android:name="android.intent.action.SEND" />
37-->src\main\AndroidManifest.xml:24:13-65
37-->src\main\AndroidManifest.xml:24:21-62
38
39            <data android:mimeType="*/*" />
39-->src\main\AndroidManifest.xml:10:13-44
39-->src\main\AndroidManifest.xml:25:19-41
40        </intent>
41    </queries>
42
43    <uses-permission android:name="android.permission.FOREGROUND_SERVICE" /> <!-- Although the *SdkVersion is captured in gradle build files, this is required for non gradle builds -->
43-->[:geolocator_android] AndroidManifest.xml:7:5-77
43-->[:geolocator_android] AndroidManifest.xml:7:22-74
44    <!-- <uses-sdk android:minSdkVersion="14"/> -->
45    <uses-permission android:name="android.permission.ACCESS_NETWORK_STATE" />
45-->[com.google.firebase:firebase-database:20.0.3] AndroidManifest.xml:25:5-79
45-->[com.google.firebase:firebase-database:20.0.3] AndroidManifest.xml:25:22-76
46    <uses-permission android:name="android.permission.INTERNET" />
46-->[com.google.firebase:firebase-database:20.0.3] AndroidManifest.xml:26:5-67
46-->[com.google.firebase:firebase-database:20.0.3] AndroidManifest.xml:26:22-64
47
48    <uses-feature
48-->[com.google.android.gms:play-services-maps:17.0.0] AndroidManifest.xml:26:5-28:35
49        android:glEsVersion="0x00020000"
49-->[com.google.android.gms:play-services-maps:17.0.0] AndroidManifest.xml:27:9-41
50        android:required="true" />
50-->[com.google.android.gms:play-services-maps:17.0.0] AndroidManifest.xml:28:9-32
51
52    <uses-permission android:name="android.permission.CAMERA" /> <!-- Don't require camera, as this requires a rear camera. This allows it to work on the Nexus 7 -->
52-->[com.journeyapps:zxing-android-embedded:4.2.0] AndroidManifest.xml:22:5-65
52-->[com.journeyapps:zxing-android-embedded:4.2.0] AndroidManifest.xml:22:22-62
53    <uses-feature
53-->[com.journeyapps:zxing-android-embedded:4.2.0] AndroidManifest.xml:25:5-27:36
54        android:name="android.hardware.camera"
54-->[com.journeyapps:zxing-android-embedded:4.2.0] AndroidManifest.xml:26:9-47
55        android:required="false" />
55-->[com.journeyapps:zxing-android-embedded:4.2.0] AndroidManifest.xml:27:9-33
56    <uses-feature
56-->[com.journeyapps:zxing-android-embedded:4.2.0] AndroidManifest.xml:28:5-30:36
57        android:name="android.hardware.camera.front"
57-->[com.journeyapps:zxing-android-embedded:4.2.0] AndroidManifest.xml:29:9-53
58        android:required="false" /> <!-- TODO replace above two with next line after Android 4.2 -->
58-->[com.journeyapps:zxing-android-embedded:4.2.0] AndroidManifest.xml:30:9-33
59    <!-- <uses-feature android:name="android.hardware.camera.any"/> -->
60    <uses-feature
60-->[com.journeyapps:zxing-android-embedded:4.2.0] AndroidManifest.xml:33:5-35:36
61        android:name="android.hardware.camera.autofocus"
61-->[com.journeyapps:zxing-android-embedded:4.2.0] AndroidManifest.xml:34:9-57
62        android:required="false" />
62-->[com.journeyapps:zxing-android-embedded:4.2.0] AndroidManifest.xml:35:9-33
63    <uses-feature
63-->[com.journeyapps:zxing-android-embedded:4.2.0] AndroidManifest.xml:36:5-38:36
64        android:name="android.hardware.camera.flash"
64-->[com.journeyapps:zxing-android-embedded:4.2.0] AndroidManifest.xml:37:9-53
65        android:required="false" />
65-->[com.journeyapps:zxing-android-embedded:4.2.0] AndroidManifest.xml:38:9-33
66    <uses-feature
66-->[com.journeyapps:zxing-android-embedded:4.2.0] AndroidManifest.xml:39:5-41:36
67        android:name="android.hardware.screen.landscape"
67-->[com.journeyapps:zxing-android-embedded:4.2.0] AndroidManifest.xml:40:9-57
68        android:required="false" />
68-->[com.journeyapps:zxing-android-embedded:4.2.0] AndroidManifest.xml:41:9-33
69    <uses-feature
69-->[com.journeyapps:zxing-android-embedded:4.2.0] AndroidManifest.xml:42:5-44:36
70        android:name="android.hardware.wifi"
70-->[com.journeyapps:zxing-android-embedded:4.2.0] AndroidManifest.xml:43:9-45
71        android:required="false" />
71-->[com.journeyapps:zxing-android-embedded:4.2.0] AndroidManifest.xml:44:9-33
72
73    <application
73-->src\main\AndroidManifest.xml:28:4-68:18
74        android:name="androidx.multidex.MultiDexApplication"
75        android:appComponentFactory="androidx.core.app.CoreComponentFactory"
75-->[androidx.core:core:1.6.0] AndroidManifest.xml:24:18-86
76        android:icon="@mipmap/ic_launcher"
76-->src\main\AndroidManifest.xml:30:9-43
77        android:label="Se Driver" >
77-->src\main\AndroidManifest.xml:29:9-34
78        <activity
78-->src\main\AndroidManifest.xml:31:9-59:20
79            android:name="com.example.sendeaze.MainActivity"
79-->src\main\AndroidManifest.xml:32:13-41
80            android:configChanges="orientation|keyboardHidden|keyboard|screenSize|smallestScreenSize|locale|layoutDirection|fontScale|screenLayout|density|uiMode"
80-->src\main\AndroidManifest.xml:35:13-163
81            android:hardwareAccelerated="true"
81-->src\main\AndroidManifest.xml:36:13-47
82            android:launchMode="singleTop"
82-->src\main\AndroidManifest.xml:33:13-43
83            android:theme="@style/LaunchTheme"
83-->src\main\AndroidManifest.xml:34:13-47
84            android:windowSoftInputMode="adjustResize" >
84-->src\main\AndroidManifest.xml:37:13-55
85
86            <!--
87                 Specifies an Android theme to apply to this Activity as soon as
88                 the Android process has started. This theme is visible to the user
89                 while the Flutter UI initializes. After that, this theme continues
90                 to determine the Window background behind the Flutter UI.
91            -->
92            <meta-data
92-->src\main\AndroidManifest.xml:42:13-45:17
93                android:name="io.flutter.embedding.android.NormalTheme"
93-->src\main\AndroidManifest.xml:43:15-70
94                android:resource="@style/NormalTheme" />
94-->src\main\AndroidManifest.xml:44:15-52
95            <!--
96                 Displays an Android View that continues showing the launch screen
97                 Drawable until Flutter paints its first frame, then this splash
98                 screen fades out. A splash screen is useful to avoid any visual
99                 gap between the end of Android's launch screen and the painting of
100                 Flutter's first frame.
101            -->
102            <meta-data
102-->src\main\AndroidManifest.xml:51:13-54:17
103                android:name="io.flutter.embedding.android.SplashScreenDrawable"
103-->src\main\AndroidManifest.xml:52:15-79
104                android:resource="@drawable/launch_background" />
104-->src\main\AndroidManifest.xml:53:15-61
105
106            <intent-filter>
106-->src\main\AndroidManifest.xml:55:13-58:29
107                <action android:name="android.intent.action.MAIN" />
107-->src\main\AndroidManifest.xml:56:17-68
107-->src\main\AndroidManifest.xml:56:25-66
108
109                <category android:name="android.intent.category.LAUNCHER" />
109-->src\main\AndroidManifest.xml:57:17-76
109-->src\main\AndroidManifest.xml:57:27-74
110            </intent-filter>
111        </activity>
112        <!--
113             Don't delete the meta-data below.
114             This is used by the Flutter tool to generate GeneratedPluginRegistrant.java
115        -->
116        <meta-data
116-->src\main\AndroidManifest.xml:62:9-64:33
117            android:name="flutterEmbedding"
117-->src\main\AndroidManifest.xml:63:13-44
118            android:value="2" />
118-->src\main\AndroidManifest.xml:64:13-30
119        <meta-data
119-->src\main\AndroidManifest.xml:65:8-66:69
120            android:name="com.google.android.geo.API_KEY"
120-->src\main\AndroidManifest.xml:65:19-64
121            android:value="AIzaSyBwviQE9Walln3RAHLawdQDbOpN0q0Jcg8" />
121-->src\main\AndroidManifest.xml:66:12-67
122
123        <service
123-->[:firebase_database] AndroidManifest.xml:8:9-12:19
124            android:name="com.google.firebase.components.ComponentDiscoveryService"
124-->[:firebase_database] AndroidManifest.xml:8:18-89
125            android:directBootAware="true"
125-->[com.google.firebase:firebase-common:20.0.0] AndroidManifest.xml:35:13-43
126            android:exported="false" >
126-->[com.google.firebase:firebase-database:20.0.3] AndroidManifest.xml:31:13-37
127            <meta-data
127-->[:firebase_database] AndroidManifest.xml:9:13-11:85
128                android:name="com.google.firebase.components:io.flutter.plugins.firebase.database.FlutterFirebaseAppRegistrar"
128-->[:firebase_database] AndroidManifest.xml:10:17-127
129                android:value="com.google.firebase.components.ComponentRegistrar" />
129-->[:firebase_database] AndroidManifest.xml:11:17-82
130            <meta-data
130-->[:firebase_core] AndroidManifest.xml:9:13-11:85
131                android:name="com.google.firebase.components:io.flutter.plugins.firebase.core.FlutterFirebaseCoreRegistrar"
131-->[:firebase_core] AndroidManifest.xml:10:17-124
132                android:value="com.google.firebase.components.ComponentRegistrar" />
132-->[:firebase_core] AndroidManifest.xml:11:17-82
133            <meta-data
133-->[com.google.firebase:firebase-database:20.0.3] AndroidManifest.xml:32:13-34:85
134                android:name="com.google.firebase.components:com.google.firebase.database.DatabaseRegistrar"
134-->[com.google.firebase:firebase-database:20.0.3] AndroidManifest.xml:33:17-109
135                android:value="com.google.firebase.components.ComponentRegistrar" />
135-->[com.google.firebase:firebase-database:20.0.3] AndroidManifest.xml:34:17-82
136        </service>
137        <service
137-->[:geolocator_android] AndroidManifest.xml:10:9-14:56
138            android:name="com.baseflow.geolocator.GeolocatorLocationService"
138-->[:geolocator_android] AndroidManifest.xml:11:13-77
139            android:enabled="true"
139-->[:geolocator_android] AndroidManifest.xml:12:13-35
140            android:exported="false"
140-->[:geolocator_android] AndroidManifest.xml:13:13-37
141            android:foregroundServiceType="location" />
141-->[:geolocator_android] AndroidManifest.xml:14:13-53
142
143        <provider
143-->[:image_picker] AndroidManifest.xml:8:9-16:20
144            android:name="io.flutter.plugins.imagepicker.ImagePickerFileProvider"
144-->[:image_picker] AndroidManifest.xml:9:13-82
145            android:authorities="com.example.sendeaze.flutter.image_provider"
145-->[:image_picker] AndroidManifest.xml:10:13-74
146            android:exported="false"
146-->[:image_picker] AndroidManifest.xml:11:13-37
147            android:grantUriPermissions="true" >
147-->[:image_picker] AndroidManifest.xml:12:13-47
148            <meta-data
148-->[:image_picker] AndroidManifest.xml:13:13-15:75
149                android:name="android.support.FILE_PROVIDER_PATHS"
149-->[:image_picker] AndroidManifest.xml:14:17-67
150                android:resource="@xml/flutter_image_picker_file_paths" />
150-->[:image_picker] AndroidManifest.xml:15:17-72
151        </provider>
152
153        <activity
153-->[:url_launcher_android] AndroidManifest.xml:8:9-11:74
154            android:name="io.flutter.plugins.urllauncher.WebViewActivity"
154-->[:url_launcher_android] AndroidManifest.xml:9:13-74
155            android:exported="false"
155-->[:url_launcher_android] AndroidManifest.xml:10:13-37
156            android:theme="@android:style/Theme.NoTitleBar.Fullscreen" />
156-->[:url_launcher_android] AndroidManifest.xml:11:13-71
157
158        <service
158-->[:location] AndroidManifest.xml:11:9-15:56
159            android:name="com.lyokone.location.FlutterLocationService"
159-->[:location] AndroidManifest.xml:12:13-71
160            android:enabled="true"
160-->[:location] AndroidManifest.xml:13:13-35
161            android:exported="false"
161-->[:location] AndroidManifest.xml:14:13-37
162            android:foregroundServiceType="location" />
162-->[:location] AndroidManifest.xml:15:13-53
163
164        <uses-library
164-->[androidx.window:window:1.0.0-beta04] AndroidManifest.xml:25:9-27:40
165            android:name="androidx.window.extensions"
165-->[androidx.window:window:1.0.0-beta04] AndroidManifest.xml:26:13-54
166            android:required="false" />
166-->[androidx.window:window:1.0.0-beta04] AndroidManifest.xml:27:13-37
167        <uses-library
167-->[androidx.window:window:1.0.0-beta04] AndroidManifest.xml:28:9-30:40
168            android:name="androidx.window.sidecar"
168-->[androidx.window:window:1.0.0-beta04] AndroidManifest.xml:29:13-51
169            android:required="false" />
169-->[androidx.window:window:1.0.0-beta04] AndroidManifest.xml:30:13-37
170
171        <provider
171-->[com.google.firebase:firebase-common:20.0.0] AndroidManifest.xml:26:9-31:39
172            android:name="com.google.firebase.provider.FirebaseInitProvider"
172-->[com.google.firebase:firebase-common:20.0.0] AndroidManifest.xml:27:13-77
173            android:authorities="com.example.sendeaze.firebaseinitprovider"
173-->[com.google.firebase:firebase-common:20.0.0] AndroidManifest.xml:28:13-72
174            android:directBootAware="true"
174-->[com.google.firebase:firebase-common:20.0.0] AndroidManifest.xml:29:13-43
175            android:exported="false"
175-->[com.google.firebase:firebase-common:20.0.0] AndroidManifest.xml:30:13-37
176            android:initOrder="100" /> <!-- Needs to be explicitly declared on P+ -->
176-->[com.google.firebase:firebase-common:20.0.0] AndroidManifest.xml:31:13-36
177        <uses-library
177-->[com.google.android.gms:play-services-maps:17.0.0] AndroidManifest.xml:33:9-35:40
178            android:name="org.apache.http.legacy"
178-->[com.google.android.gms:play-services-maps:17.0.0] AndroidManifest.xml:34:13-50
179            android:required="false" />
179-->[com.google.android.gms:play-services-maps:17.0.0] AndroidManifest.xml:35:13-37
180
181        <activity
181-->[com.google.android.gms:play-services-base:17.1.0] AndroidManifest.xml:23:9-26:75
182            android:name="com.google.android.gms.common.api.GoogleApiActivity"
182-->[com.google.android.gms:play-services-base:17.1.0] AndroidManifest.xml:24:13-79
183            android:exported="false"
183-->[com.google.android.gms:play-services-base:17.1.0] AndroidManifest.xml:25:13-37
184            android:theme="@android:style/Theme.Translucent.NoTitleBar" />
184-->[com.google.android.gms:play-services-base:17.1.0] AndroidManifest.xml:26:13-72
185
186        <meta-data
186-->[com.google.android.gms:play-services-basement:17.0.0] AndroidManifest.xml:23:9-25:69
187            android:name="com.google.android.gms.version"
187-->[com.google.android.gms:play-services-basement:17.0.0] AndroidManifest.xml:24:13-58
188            android:value="@integer/google_play_services_version" />
188-->[com.google.android.gms:play-services-basement:17.0.0] AndroidManifest.xml:25:13-66
189
190        <activity
190-->[com.journeyapps:zxing-android-embedded:4.2.0] AndroidManifest.xml:47:9-53:63
191            android:name="com.journeyapps.barcodescanner.CaptureActivity"
191-->[com.journeyapps:zxing-android-embedded:4.2.0] AndroidManifest.xml:48:13-74
192            android:clearTaskOnLaunch="true"
192-->[com.journeyapps:zxing-android-embedded:4.2.0] AndroidManifest.xml:49:13-45
193            android:screenOrientation="sensorLandscape"
193-->[com.journeyapps:zxing-android-embedded:4.2.0] AndroidManifest.xml:50:13-56
194            android:stateNotNeeded="true"
194-->[com.journeyapps:zxing-android-embedded:4.2.0] AndroidManifest.xml:51:13-42
195            android:theme="@style/zxing_CaptureTheme"
195-->[com.journeyapps:zxing-android-embedded:4.2.0] AndroidManifest.xml:52:13-54
196            android:windowSoftInputMode="stateAlwaysHidden" />
196-->[com.journeyapps:zxing-android-embedded:4.2.0] AndroidManifest.xml:53:13-60
197    </application>
198
199</manifest>